Using pre-set license
Built from '2021.3/staging' branch; Version is '2021.3.9f1 (ad3870b89536) revision 11352176'; Using compiler version '192829333'; Build Type 'Release'
OS: 'Windows 10  (10.0.19044) 64bit Core' Language: 'uk' Physical Memory: 7979 MB
BatchMode: 1, IsHumanControllingUs: 0, StartBugReporterOnCrash: 0, Is64bit: 1, IsPro: 1

COMMAND LINE ARGUMENTS:
C:\Program Files\Unity\Hub\Editor\2021.3.9f1\Editor\Unity.exe
-adb2
-batchMode
-noUpm
-name
AssetImportWorker0
-projectPath
C:/Users/posle/LabWork2
-logFile
Logs/AssetImportWorker0.log
-srvPort
58949
Successfully changed project path to: C:/Users/posle/LabWork2
C:/Users/posle/LabWork2
[UnityMemory] Configuration Parameters - Can be set up in boot.config
    "memorysetup-bucket-allocator-granularity=16"
    "memorysetup-bucket-allocator-bucket-count=8"
    "memorysetup-bucket-allocator-block-size=33554432"
    "memorysetup-bucket-allocator-block-count=8"
    "memorysetup-main-allocator-block-size=16777216"
    "memorysetup-thread-allocator-block-size=16777216"
    "memorysetup-gfx-main-allocator-block-size=16777216"
    "memorysetup-gfx-thread-allocator-block-size=16777216"
    "memorysetup-cache-allocator-block-size=4194304"
    "memorysetup-typetree-allocator-block-size=2097152"
    "memorysetup-profiler-bucket-allocator-granularity=16"
    "memorysetup-profiler-bucket-allocator-bucket-count=8"
    "memorysetup-profiler-bucket-allocator-block-size=33554432"
    "memorysetup-profiler-bucket-allocator-block-count=8"
    "memorysetup-profiler-allocator-block-size=16777216"
    "memorysetup-profiler-editor-allocator-block-size=1048576"
    "memorysetup-temp-allocator-size-main=16777216"
    "memorysetup-job-temp-allocator-block-size=2097152"
    "memorysetup-job-temp-allocator-block-size-background=1048576"
    "memorysetup-job-temp-allocator-reduction-small-platforms=262144"
    "memorysetup-temp-allocator-size-background-worker=32768"
    "memorysetup-temp-allocator-size-job-worker=262144"
    "memorysetup-temp-allocator-size-preload-manager=33554432"
    "memorysetup-temp-allocator-size-nav-mesh-worker=65536"
    "memorysetup-temp-allocator-size-audio-worker=65536"
    "memorysetup-temp-allocator-size-cloud-worker=32768"
    "memorysetup-temp-allocator-size-gi-baking-worker=262144"
    "memorysetup-temp-allocator-size-gfx=262144"
Refreshing native plugins compatible for Editor in 75.40 ms, found 3 plugins.
Preloading 0 native plugins for Editor in 0.00 ms.
Initialize engine version: 2021.3.9f1 (ad3870b89536)
[Subsystems] Discovering subsystems at path C:/Program Files/Unity/Hub/Editor/2021.3.9f1/Editor/Data/Resources/UnitySubsystems
[Subsystems] Discovering subsystems at path C:/Users/posle/LabWork2/Assets
GfxDevice: creating device client; threaded=0; jobified=0
Direct3D:
    Version:  Direct3D 11.0 [level 11.1]
    Renderer: NVIDIA GeForce GTX 1650 Ti (ID=0x1f95)
    Vendor:   NVIDIA
    VRAM:     3962 MB
    Driver:   30.0.15.1278
Initialize mono
Mono path[0] = 'C:/Program Files/Unity/Hub/Editor/2021.3.9f1/Editor/Data/Managed'
Mono path[1] = 'C:/Program Files/Unity/Hub/Editor/2021.3.9f1/Editor/Data/MonoBleedingEdge/lib/mono/unityjit-win32'
Mono config path = 'C:/Program Files/Unity/Hub/Editor/2021.3.9f1/Editor/Data/MonoBleedingEdge/etc'
Using monoOptions --debugger-agent=transport=dt_socket,embedding=1,server=y,suspend=n,address=127.0.0.1:56280
Begin MonoManager ReloadAssembly
Registering precompiled unity dll's ...
Register platform support module: C:/Program Files/Unity/Hub/Editor/2021.3.9f1/Editor/Data/PlaybackEngines/WebGLSupport/UnityEditor.WebGL.Extensions.dll
Register platform support module: C:/Program Files/Unity/Hub/Editor/2021.3.9f1/Editor/Data/PlaybackEngines/WindowsStandaloneSupport/UnityEditor.WindowsStandalone.Extensions.dll
Registered in 0.008580 seconds.
Native extension for WindowsStandalone target not found
Native extension for WebGL target not found
Refreshing native plugins compatible for Editor in 72.29 ms, found 3 plugins.
Preloading 0 native plugins for Editor in 0.00 ms.
Mono: successfully reloaded assembly
- Completed reload, in  0.731 seconds
Domain Reload Profiling:
	ReloadAssembly (732ms)
		BeginReloadAssembly (125ms)
			ExecutionOrderSort (0ms)
			DisableScriptedObjects (0ms)
			BackupInstance (0ms)
			ReleaseScriptingObjects (0ms)
			CreateAndSetChildDomain (1ms)
		EndReloadAssembly (478ms)
			LoadAssemblies (120ms)
			RebuildTransferFunctionScriptingTraits (1ms)
			SetupTypeCache (129ms)
			ReleaseScriptCaches (0ms)
			RebuildScriptCaches (31ms)
			SetupLoadedEditorAssemblies (259ms)
				LogAssemblyErrors (0ms)
				InitializePlatformSupportModulesInManaged (9ms)
				SetLoadedEditorAssemblies (0ms)
				RefreshPlugins (72ms)
				BeforeProcessingInitializeOnLoad (1ms)
				ProcessInitializeOnLoadAttributes (125ms)
				ProcessInitializeOnLoadMethodAttributes (51ms)
				AfterProcessingInitializeOnLoad (0ms)
				EditorAssembliesLoaded (0ms)
			ExecutionOrderSort2 (0ms)
			AwakeInstancesAfterBackupRestoration (0ms)
Platform modules already initialized, skipping
Registering precompiled user dll's ...
Registered in 0.004713 seconds.
Begin MonoManager ReloadAssembly
Symbol file LoadedFromMemory doesn't match image C:\Users\posle\LabWork2\Library\PackageCache\com.unity.visualscripting@1.7.8\Editor\VisualScripting.Core\Dependencies\YamlDotNet\Unity.VisualScripting.YamlDotNet.dll
Symbol file LoadedFromMemory doesn't match image C:\Users\posle\LabWork2\Library\PackageCache\com.unity.visualscripting@1.7.8\Editor\VisualScripting.Core\Dependencies\DotNetZip\Unity.VisualScripting.IonicZip.dll
Native extension for WindowsStandalone target not found
Native extension for WebGL target not found
Refreshing native plugins compatible for Editor in 0.60 ms, found 3 plugins.
Preloading 0 native plugins for Editor in 0.00 ms.
Mono: successfully reloaded assembly
- Completed reload, in  1.173 seconds
Domain Reload Profiling:
	ReloadAssembly (1174ms)
		BeginReloadAssembly (130ms)
			ExecutionOrderSort (0ms)
			DisableScriptedObjects (7ms)
			BackupInstance (0ms)
			ReleaseScriptingObjects (0ms)
			CreateAndSetChildDomain (19ms)
		EndReloadAssembly (855ms)
			LoadAssemblies (128ms)
			RebuildTransferFunctionScriptingTraits (0ms)
			SetupTypeCache (296ms)
			ReleaseScriptCaches (1ms)
			RebuildScriptCaches (52ms)
			SetupLoadedEditorAssemblies (353ms)
				LogAssemblyErrors (0ms)
				InitializePlatformSupportModulesInManaged (7ms)
				SetLoadedEditorAssemblies (0ms)
				RefreshPlugins (1ms)
				BeforeProcessingInitializeOnLoad (81ms)
				ProcessInitializeOnLoadAttributes (231ms)
				ProcessInitializeOnLoadMethodAttributes (26ms)
				AfterProcessingInitializeOnLoad (7ms)
				EditorAssembliesLoaded (0ms)
			ExecutionOrderSort2 (0ms)
			AwakeInstancesAfterBackupRestoration (5ms)
Platform modules already initialized, skipping
========================================================================
Worker process is ready to serve import requests
Launched and connected shader compiler UnityShaderCompiler.exe after 0.08 seconds
Refreshing native plugins compatible for Editor in 0.98 ms, found 3 plugins.
Preloading 0 native plugins for Editor in 0.00 ms.
Unloading 3380 Unused Serialized files (Serialized files now loaded: 0)
Unloading 27 unused Assets / (111.3 KB). Loaded Objects now: 3837.
Memory consumption went from 116.1 MB to 116.0 MB.
Total: 3.509600 ms (FindLiveObjects: 0.371000 ms CreateObjectMapping: 0.270500 ms MarkObjects: 2.684500 ms  DeleteObjects: 0.182400 ms)

AssetImportParameters requested are different than current active one (requested -> active):
  custom:video-decoder-ogg-theora: a1e56fd34408186e4bbccfd4996cb3dc -> 
  custom:container-muxer-webm: aa71ff27fc2769a1b78a27578f13a17b -> 
  custom:container-demuxer-webm: 4f35f7cbe854078d1ac9338744f61a02 -> 
  custom:video-encoder-webm-vp8: eb34c28f22e8b96e1ab97ce403110664 -> 
  custom:audio-encoder-webm-vorbis: bf7c407c2cedff20999df2af8eb42d56 -> 
  custom:framework-win-MediaFoundation: 216162199b28c13a410421893ffa2e32 -> 
  custom:container-demuxer-ogg: 62fdf1f143b41e24485cea50d1cbac27 -> 
  custom:video-decoder-webm-vp8: 9c59270c3fd7afecdb556c50c9e8de78 -> 
  custom:audio-decoder-ogg-vorbis: bf7c407c2cedff20999df2af8eb42d56 -> 
========================================================================
Received Import Request.
  Time since last request: 147703.334138 seconds.
  path: Assets/Materials
  artifactKey: Guid(60af69c3d2d23254099812bc5722d8fe) Importer(815301076,1909f56bfc062723c751e8b465ee728b)
Start importing Assets/Materials using Guid(60af69c3d2d23254099812bc5722d8fe) Importer(815301076,1909f56bfc062723c751e8b465ee728b)  -> (artifact id: '00865251d9e16f28cfe3363c45ed49ac') in 0.010044 seconds 
========================================================================
Received Import Request.
  Time since last request: 3.846817 seconds.
  path: Assets/Prefaps
  artifactKey: Guid(3164952c3d8f40e4cac1a5e4762a8f88) Importer(815301076,1909f56bfc062723c751e8b465ee728b)
Start importing Assets/Prefaps using Guid(3164952c3d8f40e4cac1a5e4762a8f88) Importer(815301076,1909f56bfc062723c751e8b465ee728b)  -> (artifact id: 'd082d6ae3745d8ff5c2e123724f822f7') in 0.009928 seconds 
========================================================================
Received Import Request.
  Time since last request: 9.019163 seconds.
  path: Assets/Prefabs
  artifactKey: Guid(3164952c3d8f40e4cac1a5e4762a8f88) Importer(815301076,1909f56bfc062723c751e8b465ee728b)
Start importing Assets/Prefabs using Guid(3164952c3d8f40e4cac1a5e4762a8f88) Importer(815301076,1909f56bfc062723c751e8b465ee728b)  -> (artifact id: '32cd39dd79abd72d98dd45aeacb0e857') in 0.008976 seconds 
========================================================================
Received Import Request.
  Time since last request: 27.688187 seconds.
  path: Assets/Scripts
  artifactKey: Guid(12002116060190843b57d466877cffb1) Importer(815301076,1909f56bfc062723c751e8b465ee728b)
Start importing Assets/Scripts using Guid(12002116060190843b57d466877cffb1) Importer(815301076,1909f56bfc062723c751e8b465ee728b)  -> (artifact id: '7fdf4956538517baa2471bdc99fd9fb9') in 0.013860 seconds 
========================================================================
Received Import Request.
  Time since last request: 359.074209 seconds.
  path: Assets/Texture
  artifactKey: Guid(66788f18b60b46342b7a6a2b874e0f7e) Importer(815301076,1909f56bfc062723c751e8b465ee728b)
Start importing Assets/Texture using Guid(66788f18b60b46342b7a6a2b874e0f7e) Importer(815301076,1909f56bfc062723c751e8b465ee728b)  -> (artifact id: '724cf1a7a16df438ea954188abb821fc') in 0.010325 seconds 
========================================================================
Received Import Request.
  Time since last request: 6.370445 seconds.
  path: Assets/Textures
  artifactKey: Guid(66788f18b60b46342b7a6a2b874e0f7e) Importer(815301076,1909f56bfc062723c751e8b465ee728b)
Start importing Assets/Textures using Guid(66788f18b60b46342b7a6a2b874e0f7e) Importer(815301076,1909f56bfc062723c751e8b465ee728b)  -> (artifact id: '7c5af40eda862e43132235ddfa2045a4') in 0.009439 seconds 
========================================================================
Received Import Request.
  Time since last request: 24.240051 seconds.
  path: Assets/Textures/Levels Texture
  artifactKey: Guid(21ecbb20f402a9e4eabab4140a26d334) Importer(815301076,1909f56bfc062723c751e8b465ee728b)
Start importing Assets/Textures/Levels Texture using Guid(21ecbb20f402a9e4eabab4140a26d334) Importer(815301076,1909f56bfc062723c751e8b465ee728b)  -> (artifact id: '323466d421d662b773488fa12aa47390') in 0.008848 seconds 
========================================================================
Received Import Request.
  Time since last request: 14.266211 seconds.
  path: Assets/Textures/Level Textures
  artifactKey: Guid(21ecbb20f402a9e4eabab4140a26d334) Importer(815301076,1909f56bfc062723c751e8b465ee728b)
Start importing Assets/Textures/Level Textures using Guid(21ecbb20f402a9e4eabab4140a26d334) Importer(815301076,1909f56bfc062723c751e8b465ee728b)  -> (artifact id: 'dd4986a09af6667ea8d32df3ac40ccd0') in 0.008856 seconds 
========================================================================
Received Import Request.
  Time since last request: 22.207900 seconds.
  path: Assets/Materials/Ball.mat
  artifactKey: Guid(c725c09082e378c45983bf033e466eb5) Importer(815301076,1909f56bfc062723c751e8b465ee728b)
Start importing Assets/Materials/Ball.mat using Guid(c725c09082e378c45983bf033e466eb5) Importer(815301076,1909f56bfc062723c751e8b465ee728b)  -> (artifact id: '39f25ab950433810957ea8770116ffdb') in 0.334958 seconds 
========================================================================
Received Import Request.
  Time since last request: 0.000024 seconds.
  path: Assets/Materials/Wall Tile.mat
  artifactKey: Guid(ef6482901a1086e4199f6cac3d6be081) Importer(815301076,1909f56bfc062723c751e8b465ee728b)
Start importing Assets/Materials/Wall Tile.mat using Guid(ef6482901a1086e4199f6cac3d6be081) Importer(815301076,1909f56bfc062723c751e8b465ee728b)  -> (artifact id: '47d3a64e0cd61db3d213197cff95a02a') in 0.012994 seconds 
========================================================================
Received Import Request.
  Time since last request: 53.925702 seconds.
  path: Assets/Textures/water.jpg
  artifactKey: Guid(0a1ee87a3714214439b84220f3ebe107) Importer(815301076,1909f56bfc062723c751e8b465ee728b)
Start importing Assets/Textures/water.jpg using Guid(0a1ee87a3714214439b84220f3ebe107) Importer(815301076,1909f56bfc062723c751e8b465ee728b)  -> (artifact id: '607bcf8ae2c5ac1f42b79f0ce4fea485') in 0.031843 seconds 
========================================================================
Received Import Request.
  Time since last request: 113.221126 seconds.
  path: Assets/Textures/water.jpg
  artifactKey: Guid(0a1ee87a3714214439b84220f3ebe107) Importer(815301076,1909f56bfc062723c751e8b465ee728b)
Start importing Assets/Textures/water.jpg using Guid(0a1ee87a3714214439b84220f3ebe107) Importer(815301076,1909f56bfc062723c751e8b465ee728b)  -> (artifact id: '01f35c0bf87b2da4c12b3d99d76a6e1d') in 0.017379 seconds 
========================================================================
Received Import Request.
  Time since last request: 2.402440 seconds.
  path: Assets/Textures/water.jpg
  artifactKey: Guid(0a1ee87a3714214439b84220f3ebe107) Importer(815301076,1909f56bfc062723c751e8b465ee728b)
Start importing Assets/Textures/water.jpg using Guid(0a1ee87a3714214439b84220f3ebe107) Importer(815301076,1909f56bfc062723c751e8b465ee728b)  -> (artifact id: '4b5cb022af8f8a584531b53d46baf085') in 0.040999 seconds 
